<?xml version="1.0" encoding="UTF-8"?>
<!-- Generated by org.testng.reporters.JUnitReportReporter -->
<testsuite hostname="DTPWKNDMDZZJ12S" name="com.apitest.base.Base" tests="1" failures="0" timestamp="24 May 2018 08:35:31 GMT" time="1.157" errors="0">
  <testcase name="test" time="1.157" classname="com.apitest.base.Base"/>
</testsuite> <!-- com.apitest.base.Base -->
