<?xml version="1.0" encoding="UTF-8"?>
<!-- Generated by org.testng.reporters.JUnitReportReporter -->
<testsuite hostname="DTPWKNDMDZZJ12S" name="com.devil.testcase.login.LoginPage_001_LoginSuccessful" tests="1" failures="0" timestamp="11 Apr 2018 10:30:56 GMT" time="0.053" errors="0">
  <testcase name="login_successful" time="0.053" classname="com.devil.testcase.login.LoginPage_001_LoginSuccessful"/>
</testsuite> <!-- com.devil.testcase.login.LoginPage_001_LoginSuccessful -->
