<?xml version="1.0" encoding="UTF-8"?>
<!-- Generated by org.testng.reporters.JUnitReportReporter -->
<testsuite hostname="DTPWKNDMDZZJ12S" name="Demo2" tests="1" failures="0" timestamp="20 Apr 2018 10:53:14 GMT" time="55.674" errors="0">
  <testcase name="plus" time="55.674" classname="Demo2"/>
</testsuite> <!-- Demo2 -->
